[27-Dec-2020 20:10:11 Europe/London] Xdebug: [Config] The setting 'xdebug.coverage_enable' has been renamed, see the upgrading guide at https://xdebug.org/docs/upgrade_guide#changed-xdebug.coverage_enable (See: https://xdebug.org/docs/errors#CFG-C-CHANGED)
[27-Dec-2020 20:10:11 Europe/London] Xdebug: [Config] The setting 'xdebug.default_enable' has been renamed, see the upgrading guide at https://xdebug.org/docs/upgrade_guide#changed-xdebug.default_enable (See: https://xdebug.org/docs/errors#CFG-C-CHANGED)
[27-Dec-2020 20:10:11 Europe/London] Xdebug: [Config] The setting 'xdebug.profiler_enable' has been renamed, see the upgrading guide at https://xdebug.org/docs/upgrade_guide#changed-xdebug.profiler_enable (See: https://xdebug.org/docs/errors#CFG-C-CHANGED)
[27-Dec-2020 20:10:11 Europe/London] Xdebug: [Config] The setting 'xdebug.profiler_output_dir' has been renamed, see the upgrading guide at https://xdebug.org/docs/upgrade_guide#changed-xdebug.profiler_output_dir (See: https://xdebug.org/docs/errors#CFG-C-CHANGED)
[27-Dec-2020 20:10:11 Europe/London] Xdebug: [Config] The setting 'xdebug.remote_autostart' has been renamed, see the upgrading guide at https://xdebug.org/docs/upgrade_guide#changed-xdebug.remote_autostart (See: https://xdebug.org/docs/errors#CFG-C-CHANGED)
[27-Dec-2020 20:10:11 Europe/London] Xdebug: [Config] The setting 'xdebug.remote_enable' has been renamed, see the upgrading guide at https://xdebug.org/docs/upgrade_guide#changed-xdebug.remote_enable (See: https://xdebug.org/docs/errors#CFG-C-CHANGED)
[27-Dec-2020 20:10:11 Europe/London] Xdebug: [Config] The setting 'xdebug.remote_host' has been renamed, see the upgrading guide at https://xdebug.org/docs/upgrade_guide#changed-xdebug.remote_host (See: https://xdebug.org/docs/errors#CFG-C-CHANGED)
[27-Dec-2020 20:10:11 Europe/London] Xdebug: [Config] The setting 'xdebug.remote_port' has been renamed, see the upgrading guide at https://xdebug.org/docs/upgrade_guide#changed-xdebug.remote_port (See: https://xdebug.org/docs/errors#CFG-C-CHANGED)
[27-Dec-2020 20:29:11 Europe/London] Xdebug: [Config] The setting 'xdebug.coverage_enable' has been renamed, see the upgrading guide at https://xdebug.org/docs/upgrade_guide#changed-xdebug.coverage_enable (See: https://xdebug.org/docs/errors#CFG-C-CHANGED)
[27-Dec-2020 20:29:11 Europe/London] Xdebug: [Config] The setting 'xdebug.default_enable' has been renamed, see the upgrading guide at https://xdebug.org/docs/upgrade_guide#changed-xdebug.default_enable (See: https://xdebug.org/docs/errors#CFG-C-CHANGED)
[27-Dec-2020 20:29:11 Europe/London] Xdebug: [Config] The setting 'xdebug.profiler_enable' has been renamed, see the upgrading guide at https://xdebug.org/docs/upgrade_guide#changed-xdebug.profiler_enable (See: https://xdebug.org/docs/errors#CFG-C-CHANGED)
[27-Dec-2020 20:29:11 Europe/London] Xdebug: [Config] The setting 'xdebug.profiler_output_dir' has been renamed, see the upgrading guide at https://xdebug.org/docs/upgrade_guide#changed-xdebug.profiler_output_dir (See: https://xdebug.org/docs/errors#CFG-C-CHANGED)
[27-Dec-2020 20:29:11 Europe/London] Xdebug: [Config] The setting 'xdebug.remote_autostart' has been renamed, see the upgrading guide at https://xdebug.org/docs/upgrade_guide#changed-xdebug.remote_autostart (See: https://xdebug.org/docs/errors#CFG-C-CHANGED)
[27-Dec-2020 20:29:11 Europe/London] Xdebug: [Config] The setting 'xdebug.remote_enable' has been renamed, see the upgrading guide at https://xdebug.org/docs/upgrade_guide#changed-xdebug.remote_enable (See: https://xdebug.org/docs/errors#CFG-C-CHANGED)
[27-Dec-2020 20:29:11 Europe/London] Xdebug: [Config] The setting 'xdebug.remote_host' has been renamed, see the upgrading guide at https://xdebug.org/docs/upgrade_guide#changed-xdebug.remote_host (See: https://xdebug.org/docs/errors#CFG-C-CHANGED)
[27-Dec-2020 20:29:11 Europe/London] Xdebug: [Config] The setting 'xdebug.remote_port' has been renamed, see the upgrading guide at https://xdebug.org/docs/upgrade_guide#changed-xdebug.remote_port (See: https://xdebug.org/docs/errors#CFG-C-CHANGED)
[28-Dec-2020 16:16:04 Europe/London] Xdebug: [Config] The setting 'xdebug.coverage_enable' has been renamed, see the upgrading guide at https://xdebug.org/docs/upgrade_guide#changed-xdebug.coverage_enable (See: https://xdebug.org/docs/errors#CFG-C-CHANGED)
[28-Dec-2020 16:16:04 Europe/London] Xdebug: [Config] The setting 'xdebug.default_enable' has been renamed, see the upgrading guide at https://xdebug.org/docs/upgrade_guide#changed-xdebug.default_enable (See: https://xdebug.org/docs/errors#CFG-C-CHANGED)
[28-Dec-2020 16:16:04 Europe/London] Xdebug: [Config] The setting 'xdebug.profiler_enable' has been renamed, see the upgrading guide at https://xdebug.org/docs/upgrade_guide#changed-xdebug.profiler_enable (See: https://xdebug.org/docs/errors#CFG-C-CHANGED)
[28-Dec-2020 16:16:04 Europe/London] Xdebug: [Config] The setting 'xdebug.profiler_output_dir' has been renamed, see the upgrading guide at https://xdebug.org/docs/upgrade_guide#changed-xdebug.profiler_output_dir (See: https://xdebug.org/docs/errors#CFG-C-CHANGED)
[28-Dec-2020 16:16:04 Europe/London] Xdebug: [Config] The setting 'xdebug.remote_autostart' has been renamed, see the upgrading guide at https://xdebug.org/docs/upgrade_guide#changed-xdebug.remote_autostart (See: https://xdebug.org/docs/errors#CFG-C-CHANGED)
[28-Dec-2020 16:16:04 Europe/London] Xdebug: [Config] The setting 'xdebug.remote_enable' has been renamed, see the upgrading guide at https://xdebug.org/docs/upgrade_guide#changed-xdebug.remote_enable (See: https://xdebug.org/docs/errors#CFG-C-CHANGED)
[28-Dec-2020 16:16:04 Europe/London] Xdebug: [Config] The setting 'xdebug.remote_host' has been renamed, see the upgrading guide at https://xdebug.org/docs/upgrade_guide#changed-xdebug.remote_host (See: https://xdebug.org/docs/errors#CFG-C-CHANGED)
[28-Dec-2020 16:16:04 Europe/London] Xdebug: [Config] The setting 'xdebug.remote_port' has been renamed, see the upgrading guide at https://xdebug.org/docs/upgrade_guide#changed-xdebug.remote_port (See: https://xdebug.org/docs/errors#CFG-C-CHANGED)
[28-Dec-2020 16:40:53 Europe/London] Xdebug: [Config] The setting 'xdebug.coverage_enable' has been renamed, see the upgrading guide at https://xdebug.org/docs/upgrade_guide#changed-xdebug.coverage_enable (See: https://xdebug.org/docs/errors#CFG-C-CHANGED)
[28-Dec-2020 16:40:53 Europe/London] Xdebug: [Config] The setting 'xdebug.default_enable' has been renamed, see the upgrading guide at https://xdebug.org/docs/upgrade_guide#changed-xdebug.default_enable (See: https://xdebug.org/docs/errors#CFG-C-CHANGED)
[28-Dec-2020 16:40:53 Europe/London] Xdebug: [Config] The setting 'xdebug.profiler_enable' has been renamed, see the upgrading guide at https://xdebug.org/docs/upgrade_guide#changed-xdebug.profiler_enable (See: https://xdebug.org/docs/errors#CFG-C-CHANGED)
[28-Dec-2020 16:40:53 Europe/London] Xdebug: [Config] The setting 'xdebug.profiler_output_dir' has been renamed, see the upgrading guide at https://xdebug.org/docs/upgrade_guide#changed-xdebug.profiler_output_dir (See: https://xdebug.org/docs/errors#CFG-C-CHANGED)
[28-Dec-2020 16:40:53 Europe/London] Xdebug: [Config] The setting 'xdebug.remote_autostart' has been renamed, see the upgrading guide at https://xdebug.org/docs/upgrade_guide#changed-xdebug.remote_autostart (See: https://xdebug.org/docs/errors#CFG-C-CHANGED)
[28-Dec-2020 16:40:53 Europe/London] Xdebug: [Config] The setting 'xdebug.remote_enable' has been renamed, see the upgrading guide at https://xdebug.org/docs/upgrade_guide#changed-xdebug.remote_enable (See: https://xdebug.org/docs/errors#CFG-C-CHANGED)
[28-Dec-2020 16:40:53 Europe/London] Xdebug: [Config] The setting 'xdebug.remote_host' has been renamed, see the upgrading guide at https://xdebug.org/docs/upgrade_guide#changed-xdebug.remote_host (See: https://xdebug.org/docs/errors#CFG-C-CHANGED)
[28-Dec-2020 16:40:53 Europe/London] Xdebug: [Config] The setting 'xdebug.remote_port' has been renamed, see the upgrading guide at https://xdebug.org/docs/upgrade_guide#changed-xdebug.remote_port (See: https://xdebug.org/docs/errors#CFG-C-CHANGED)
